The system is: Linux - 4.14.52-16-g2c9be99 - armv7l
Compiling the C compiler identification source file "CMakeCCompilerId.c" succeeded.
Compiler: /usr/bin/gcc 
Build flags: 
Id flags: 

The output was:
0


Compilation of the C compiler identification source "CMakeCCompilerId.c" produced "a.out"

The C compiler identification is GNU, found in "/home/we/vox/mage/builds/arm/CMakeFiles/3.7.2/CompilerIdC/a.out"

Compiling the CXX compiler identification source file "CMakeCXXCompilerId.cpp" succeeded.
Compiler: /usr/bin/g++ 
Build flags: 
Id flags: 

The output was:
0


Compilation of the CXX compiler identification source "CMakeCXXCompilerId.cpp" produced "a.out"

The CXX compiler identification is GNU, found in "/home/we/vox/mage/builds/arm/CMakeFiles/3.7.2/CompilerIdCXX/a.out"

Determining if the C compiler works passed with the following output:
Change Dir: /home/we/vox/mage/builds/arm/CMakeFiles/CMakeTmp

Run Build Command:"/usr/bin/make" "cmTC_2d085/fast"
/usr/bin/make -f CMakeFiles/cmTC_2d085.dir/build.make CMakeFiles/cmTC_2d085.dir/build
make[1]: Entering directory '/home/we/vox/mage/builds/arm/CMakeFiles/CMakeTmp'
Building C object CMakeFiles/cmTC_2d085.dir/testCCompiler.c.o
/usr/bin/gcc     -o CMakeFiles/cmTC_2d085.dir/testCCompiler.c.o   -c /home/we/vox/mage/builds/arm/CMakeFiles/CMakeTmp/testCCompiler.c
Linking C executable cmTC_2d085
/usr/bin/cmake -E cmake_link_script CMakeFiles/cmTC_2d085.dir/link.txt --verbose=1
/usr/bin/gcc       CMakeFiles/cmTC_2d085.dir/testCCompiler.c.o  -o cmTC_2d085 -rdynamic 
make[1]: Leaving directory '/home/we/vox/mage/builds/arm/CMakeFiles/CMakeTmp'


Detecting C compiler ABI info compiled with the following output:
Change Dir: /home/we/vox/mage/builds/arm/CMakeFiles/CMakeTmp

Run Build Command:"/usr/bin/make" "cmTC_0b501/fast"
/usr/bin/make -f CMakeFiles/cmTC_0b501.dir/build.make CMakeFiles/cmTC_0b501.dir/build
make[1]: Entering directory '/home/we/vox/mage/builds/arm/CMakeFiles/CMakeTmp'
Building C object CMakeFiles/cmTC_0b501.dir/CMakeCCompilerABI.c.o
/usr/bin/gcc     -o CMakeFiles/cmTC_0b501.dir/CMakeCCompilerABI.c.o   -c /usr/share/cmake-3.7/Modules/CMakeCCompilerABI.c
Linking C executable cmTC_0b501
/usr/bin/cmake -E cmake_link_script CMakeFiles/cmTC_0b501.dir/link.txt --verbose=1
/usr/bin/gcc      -v CMakeFiles/cmTC_0b501.dir/CMakeCCompilerABI.c.o  -o cmTC_0b501 -rdynamic  
Using built-in specs.
COLLECT_GCC=/usr/bin/gcc
COLLECT_LTO_WRAPPER=/usr/lib/gcc/arm-linux-gnueabihf/4.8/lto-wrapper
Target: arm-linux-gnueabihf
Configured with: ../src/configure -v --with-pkgversion='Raspbian 4.8.5-4' --with-bugurl=file:///usr/share/doc/gcc-4.8/README.Bugs --enable-languages=c,c++,java,go,d,fortran,objc,obj-c++ --prefix=/usr --program-suffix=-4.8 --enable-shared --enable-linker-build-id --libexecdir=/usr/lib --without-included-gettext --enable-threads=posix --with-gxx-include-dir=/usr/include/c++/4.8 --libdir=/usr/lib --enable-nls --with-sysroot=/ --enable-clocale=gnu --enable-libstdcxx-debug --enable-libstdcxx-time=yes --enable-gnu-unique-object --disable-libmudflap --disable-libitm --disable-libquadmath --enable-plugin --with-system-zlib --disable-browser-plugin --enable-java-awt=gtk --enable-gtk-cairo --with-java-home=/usr/lib/jvm/java-1.5.0-gcj-4.8-armhf/jre --enable-java-home --with-jvm-root-dir=/usr/lib/jvm/java-1.5.0-gcj-4.8-armhf --with-jvm-jar-dir=/usr/lib/jvm-exports/java-1.5.0-gcj-4.8-armhf --with-arch-directory=arm --with-ecj-jar=/usr/share/java/eclipse-ecj.jar --enable-objc-gc --enable-multiarch --disable-sjlj-exceptions --with-arch=armv6 --with-fpu=vfp --with-float=hard --enable-checking=release --build=arm-linux-gnueabihf --host=arm-linux-gnueabihf --target=arm-linux-gnueabihf
Thread model: posix
gcc version 4.8.5 (Raspbian 4.8.5-4) 
COMPILER_PATH=/usr/lib/gcc/arm-linux-gnueabihf/4.8/:/usr/lib/gcc/arm-linux-gnueabihf/4.8/:/usr/lib/gcc/arm-linux-gnueabihf/:/usr/lib/gcc/arm-linux-gnueabihf/4.8/:/usr/lib/gcc/arm-linux-gnueabihf/
LIBRARY_PATH=/usr/lib/gcc/arm-linux-gnueabihf/4.8/:/usr/lib/gcc/arm-linux-gnueabihf/4.8/../../../arm-linux-gnueabihf/:/usr/lib/gcc/arm-linux-gnueabihf/4.8/../../../:/lib/arm-linux-gnueabihf/:/lib/:/usr/lib/arm-linux-gnueabihf/:/usr/lib/
COLLECT_GCC_OPTIONS='-v' '-o' 'cmTC_0b501' '-rdynamic' '-march=armv6' '-mfloat-abi=hard' '-mfpu=vfp' '-mtls-dialect=gnu'
 /usr/lib/gcc/arm-linux-gnueabihf/4.8/collect2 --sysroot=/ --build-id --eh-frame-hdr -export-dynamic -dynamic-linker /lib/ld-linux-armhf.so.3 -X --hash-style=gnu -m armelf_linux_eabi -o cmTC_0b501 /usr/lib/gcc/arm-linux-gnueabihf/4.8/../../../arm-linux-gnueabihf/crt1.o /usr/lib/gcc/arm-linux-gnueabihf/4.8/../../../arm-linux-gnueabihf/crti.o /usr/lib/gcc/arm-linux-gnueabihf/4.8/crtbegin.o -L/usr/lib/gcc/arm-linux-gnueabihf/4.8 -L/usr/lib/gcc/arm-linux-gnueabihf/4.8/../../../arm-linux-gnueabihf -L/usr/lib/gcc/arm-linux-gnueabihf/4.8/../../.. -L/lib/arm-linux-gnueabihf -L/usr/lib/arm-linux-gnueabihf CMakeFiles/cmTC_0b501.dir/CMakeCCompilerABI.c.o -lgcc --as-needed -lgcc_s --no-as-needed -lc -lgcc --as-needed -lgcc_s --no-as-needed /usr/lib/gcc/arm-linux-gnueabihf/4.8/crtend.o /usr/lib/gcc/arm-linux-gnueabihf/4.8/../../../arm-linux-gnueabihf/crtn.o
make[1]: Leaving directory '/home/we/vox/mage/builds/arm/CMakeFiles/CMakeTmp'


Parsed C implicit link information from above output:
  link line regex: [^( *|.*[/\])(ld|([^/\]+-)?ld|collect2)[^/\]*( |$)]
  ignore line: [Change Dir: /home/we/vox/mage/builds/arm/CMakeFiles/CMakeTmp]
  ignore line: []
  ignore line: [Run Build Command:"/usr/bin/make" "cmTC_0b501/fast"]
  ignore line: [/usr/bin/make -f CMakeFiles/cmTC_0b501.dir/build.make CMakeFiles/cmTC_0b501.dir/build]
  ignore line: [make[1]: Entering directory '/home/we/vox/mage/builds/arm/CMakeFiles/CMakeTmp']
  ignore line: [Building C object CMakeFiles/cmTC_0b501.dir/CMakeCCompilerABI.c.o]
  ignore line: [/usr/bin/gcc     -o CMakeFiles/cmTC_0b501.dir/CMakeCCompilerABI.c.o   -c /usr/share/cmake-3.7/Modules/CMakeCCompilerABI.c]
  ignore line: [Linking C executable cmTC_0b501]
  ignore line: [/usr/bin/cmake -E cmake_link_script CMakeFiles/cmTC_0b501.dir/link.txt --verbose=1]
  ignore line: [/usr/bin/gcc      -v CMakeFiles/cmTC_0b501.dir/CMakeCCompilerABI.c.o  -o cmTC_0b501 -rdynamic  ]
  ignore line: [Using built-in specs.]
  ignore line: [COLLECT_GCC=/usr/bin/gcc]
  ignore line: [COLLECT_LTO_WRAPPER=/usr/lib/gcc/arm-linux-gnueabihf/4.8/lto-wrapper]
  ignore line: [Target: arm-linux-gnueabihf]
  ignore line: [Configured with: ../src/configure -v --with-pkgversion='Raspbian 4.8.5-4' --with-bugurl=file:///usr/share/doc/gcc-4.8/README.Bugs --enable-languages=c,c++,java,go,d,fortran,objc,obj-c++ --prefix=/usr --program-suffix=-4.8 --enable-shared --enable-linker-build-id --libexecdir=/usr/lib --without-included-gettext --enable-threads=posix --with-gxx-include-dir=/usr/include/c++/4.8 --libdir=/usr/lib --enable-nls --with-sysroot=/ --enable-clocale=gnu --enable-libstdcxx-debug --enable-libstdcxx-time=yes --enable-gnu-unique-object --disable-libmudflap --disable-libitm --disable-libquadmath --enable-plugin --with-system-zlib --disable-browser-plugin --enable-java-awt=gtk --enable-gtk-cairo --with-java-home=/usr/lib/jvm/java-1.5.0-gcj-4.8-armhf/jre --enable-java-home --with-jvm-root-dir=/usr/lib/jvm/java-1.5.0-gcj-4.8-armhf --with-jvm-jar-dir=/usr/lib/jvm-exports/java-1.5.0-gcj-4.8-armhf --with-arch-directory=arm --with-ecj-jar=/usr/share/java/eclipse-ecj.jar --enable-objc-gc --enable-multiarch --disable-sjlj-exceptions --with-arch=armv6 --with-fpu=vfp --with-float=hard --enable-checking=release --build=arm-linux-gnueabihf --host=arm-linux-gnueabihf --target=arm-linux-gnueabihf]
  ignore line: [Thread model: posix]
  ignore line: [gcc version 4.8.5 (Raspbian 4.8.5-4) ]
  ignore line: [COMPILER_PATH=/usr/lib/gcc/arm-linux-gnueabihf/4.8/:/usr/lib/gcc/arm-linux-gnueabihf/4.8/:/usr/lib/gcc/arm-linux-gnueabihf/:/usr/lib/gcc/arm-linux-gnueabihf/4.8/:/usr/lib/gcc/arm-linux-gnueabihf/]
  ignore line: [LIBRARY_PATH=/usr/lib/gcc/arm-linux-gnueabihf/4.8/:/usr/lib/gcc/arm-linux-gnueabihf/4.8/../../../arm-linux-gnueabihf/:/usr/lib/gcc/arm-linux-gnueabihf/4.8/../../../:/lib/arm-linux-gnueabihf/:/lib/:/usr/lib/arm-linux-gnueabihf/:/usr/lib/]
  ignore line: [COLLECT_GCC_OPTIONS='-v' '-o' 'cmTC_0b501' '-rdynamic' '-march=armv6' '-mfloat-abi=hard' '-mfpu=vfp' '-mtls-dialect=gnu']
  link line: [ /usr/lib/gcc/arm-linux-gnueabihf/4.8/collect2 --sysroot=/ --build-id --eh-frame-hdr -export-dynamic -dynamic-linker /lib/ld-linux-armhf.so.3 -X --hash-style=gnu -m armelf_linux_eabi -o cmTC_0b501 /usr/lib/gcc/arm-linux-gnueabihf/4.8/../../../arm-linux-gnueabihf/crt1.o /usr/lib/gcc/arm-linux-gnueabihf/4.8/../../../arm-linux-gnueabihf/crti.o /usr/lib/gcc/arm-linux-gnueabihf/4.8/crtbegin.o -L/usr/lib/gcc/arm-linux-gnueabihf/4.8 -L/usr/lib/gcc/arm-linux-gnueabihf/4.8/../../../arm-linux-gnueabihf -L/usr/lib/gcc/arm-linux-gnueabihf/4.8/../../.. -L/lib/arm-linux-gnueabihf -L/usr/lib/arm-linux-gnueabihf CMakeFiles/cmTC_0b501.dir/CMakeCCompilerABI.c.o -lgcc --as-needed -lgcc_s --no-as-needed -lc -lgcc --as-needed -lgcc_s --no-as-needed /usr/lib/gcc/arm-linux-gnueabihf/4.8/crtend.o /usr/lib/gcc/arm-linux-gnueabihf/4.8/../../../arm-linux-gnueabihf/crtn.o]
    arg [/usr/lib/gcc/arm-linux-gnueabihf/4.8/collect2] ==> ignore
    arg [--sysroot=/] ==> ignore
    arg [--build-id] ==> ignore
    arg [--eh-frame-hdr] ==> ignore
    arg [-export-dynamic] ==> ignore
    arg [-dynamic-linker] ==> ignore
    arg [/lib/ld-linux-armhf.so.3] ==> ignore
    arg [-X] ==> ignore
    arg [--hash-style=gnu] ==> ignore
    arg [-m] ==> ignore
    arg [armelf_linux_eabi] ==> ignore
    arg [-o] ==> ignore
    arg [cmTC_0b501] ==> ignore
    arg [/usr/lib/gcc/arm-linux-gnueabihf/4.8/../../../arm-linux-gnueabihf/crt1.o] ==> ignore
    arg [/usr/lib/gcc/arm-linux-gnueabihf/4.8/../../../arm-linux-gnueabihf/crti.o] ==> ignore
    arg [/usr/lib/gcc/arm-linux-gnueabihf/4.8/crtbegin.o] ==> ignore
    arg [-L/usr/lib/gcc/arm-linux-gnueabihf/4.8] ==> dir [/usr/lib/gcc/arm-linux-gnueabihf/4.8]
    arg [-L/usr/lib/gcc/arm-linux-gnueabihf/4.8/../../../arm-linux-gnueabihf] ==> dir [/usr/lib/gcc/arm-linux-gnueabihf/4.8/../../../arm-linux-gnueabihf]
    arg [-L/usr/lib/gcc/arm-linux-gnueabihf/4.8/../../..] ==> dir [/usr/lib/gcc/arm-linux-gnueabihf/4.8/../../..]
    arg [-L/lib/arm-linux-gnueabihf] ==> dir [/lib/arm-linux-gnueabihf]
    arg [-L/usr/lib/arm-linux-gnueabihf] ==> dir [/usr/lib/arm-linux-gnueabihf]
    arg [CMakeFiles/cmTC_0b501.dir/CMakeCCompilerABI.c.o] ==> ignore
    arg [-lgcc] ==> lib [gcc]
    arg [--as-needed] ==> ignore
    arg [-lgcc_s] ==> lib [gcc_s]
    arg [--no-as-needed] ==> ignore
    arg [-lc] ==> lib [c]
    arg [-lgcc] ==> lib [gcc]
    arg [--as-needed] ==> ignore
    arg [-lgcc_s] ==> lib [gcc_s]
    arg [--no-as-needed] ==> ignore
    arg [/usr/lib/gcc/arm-linux-gnueabihf/4.8/crtend.o] ==> ignore
    arg [/usr/lib/gcc/arm-linux-gnueabihf/4.8/../../../arm-linux-gnueabihf/crtn.o] ==> ignore
  remove lib [gcc]
  remove lib [gcc_s]
  remove lib [gcc]
  remove lib [gcc_s]
  collapse library dir [/usr/lib/gcc/arm-linux-gnueabihf/4.8] ==> [/usr/lib/gcc/arm-linux-gnueabihf/4.8]
  collapse library dir [/usr/lib/gcc/arm-linux-gnueabihf/4.8/../../../arm-linux-gnueabihf] ==> [/usr/lib/arm-linux-gnueabihf]
  collapse library dir [/usr/lib/gcc/arm-linux-gnueabihf/4.8/../../..] ==> [/usr/lib]
  collapse library dir [/lib/arm-linux-gnueabihf] ==> [/lib/arm-linux-gnueabihf]
  collapse library dir [/usr/lib/arm-linux-gnueabihf] ==> [/usr/lib/arm-linux-gnueabihf]
  implicit libs: [c]
  implicit dirs: [/usr/lib/gcc/arm-linux-gnueabihf/4.8;/usr/lib/arm-linux-gnueabihf;/usr/lib;/lib/arm-linux-gnueabihf]
  implicit fwks: []




Detecting C [-std=c11] compiler features compiled with the following output:
Change Dir: /home/we/vox/mage/builds/arm/CMakeFiles/CMakeTmp

Run Build Command:"/usr/bin/make" "cmTC_03625/fast"
/usr/bin/make -f CMakeFiles/cmTC_03625.dir/build.make CMakeFiles/cmTC_03625.dir/build
make[1]: Entering directory '/home/we/vox/mage/builds/arm/CMakeFiles/CMakeTmp'
Building C object CMakeFiles/cmTC_03625.dir/feature_tests.c.o
/usr/bin/gcc    -std=c11 -o CMakeFiles/cmTC_03625.dir/feature_tests.c.o   -c /home/we/vox/mage/builds/arm/CMakeFiles/feature_tests.c
Linking C executable cmTC_03625
/usr/bin/cmake -E cmake_link_script CMakeFiles/cmTC_03625.dir/link.txt --verbose=1
/usr/bin/gcc       CMakeFiles/cmTC_03625.dir/feature_tests.c.o  -o cmTC_03625 -rdynamic 
make[1]: Leaving directory '/home/we/vox/mage/builds/arm/CMakeFiles/CMakeTmp'


    Feature record: C_FEATURE:1c_function_prototypes
    Feature record: C_FEATURE:1c_restrict
    Feature record: C_FEATURE:1c_static_assert
    Feature record: C_FEATURE:1c_variadic_macros


Detecting C [-std=c99] compiler features compiled with the following output:
Change Dir: /home/we/vox/mage/builds/arm/CMakeFiles/CMakeTmp

Run Build Command:"/usr/bin/make" "cmTC_7e59e/fast"
/usr/bin/make -f CMakeFiles/cmTC_7e59e.dir/build.make CMakeFiles/cmTC_7e59e.dir/build
make[1]: Entering directory '/home/we/vox/mage/builds/arm/CMakeFiles/CMakeTmp'
Building C object CMakeFiles/cmTC_7e59e.dir/feature_tests.c.o
/usr/bin/gcc    -std=c99 -o CMakeFiles/cmTC_7e59e.dir/feature_tests.c.o   -c /home/we/vox/mage/builds/arm/CMakeFiles/feature_tests.c
Linking C executable cmTC_7e59e
/usr/bin/cmake -E cmake_link_script CMakeFiles/cmTC_7e59e.dir/link.txt --verbose=1
/usr/bin/gcc       CMakeFiles/cmTC_7e59e.dir/feature_tests.c.o  -o cmTC_7e59e -rdynamic 
make[1]: Leaving directory '/home/we/vox/mage/builds/arm/CMakeFiles/CMakeTmp'


    Feature record: C_FEATURE:1c_function_prototypes
    Feature record: C_FEATURE:1c_restrict
    Feature record: C_FEATURE:0c_static_assert
    Feature record: C_FEATURE:1c_variadic_macros


Detecting C [-std=c90] compiler features compiled with the following output:
Change Dir: /home/we/vox/mage/builds/arm/CMakeFiles/CMakeTmp

Run Build Command:"/usr/bin/make" "cmTC_16815/fast"
/usr/bin/make -f CMakeFiles/cmTC_16815.dir/build.make CMakeFiles/cmTC_16815.dir/build
make[1]: Entering directory '/home/we/vox/mage/builds/arm/CMakeFiles/CMakeTmp'
Building C object CMakeFiles/cmTC_16815.dir/feature_tests.c.o
/usr/bin/gcc    -std=c90 -o CMakeFiles/cmTC_16815.dir/feature_tests.c.o   -c /home/we/vox/mage/builds/arm/CMakeFiles/feature_tests.c
Linking C executable cmTC_16815
/usr/bin/cmake -E cmake_link_script CMakeFiles/cmTC_16815.dir/link.txt --verbose=1
/usr/bin/gcc       CMakeFiles/cmTC_16815.dir/feature_tests.c.o  -o cmTC_16815 -rdynamic 
make[1]: Leaving directory '/home/we/vox/mage/builds/arm/CMakeFiles/CMakeTmp'


    Feature record: C_FEATURE:1c_function_prototypes
    Feature record: C_FEATURE:0c_restrict
    Feature record: C_FEATURE:0c_static_assert
    Feature record: C_FEATURE:0c_variadic_macros
Determining if the CXX compiler works passed with the following output:
Change Dir: /home/we/vox/mage/builds/arm/CMakeFiles/CMakeTmp

Run Build Command:"/usr/bin/make" "cmTC_d434b/fast"
/usr/bin/make -f CMakeFiles/cmTC_d434b.dir/build.make CMakeFiles/cmTC_d434b.dir/build
make[1]: Entering directory '/home/we/vox/mage/builds/arm/CMakeFiles/CMakeTmp'
Building CXX object CMakeFiles/cmTC_d434b.dir/testCXXCompiler.cxx.o
/usr/bin/g++      -o CMakeFiles/cmTC_d434b.dir/testCXXCompiler.cxx.o -c /home/we/vox/mage/builds/arm/CMakeFiles/CMakeTmp/testCXXCompiler.cxx
Linking CXX executable cmTC_d434b
/usr/bin/cmake -E cmake_link_script CMakeFiles/cmTC_d434b.dir/link.txt --verbose=1
/usr/bin/g++        CMakeFiles/cmTC_d434b.dir/testCXXCompiler.cxx.o  -o cmTC_d434b -rdynamic 
make[1]: Leaving directory '/home/we/vox/mage/builds/arm/CMakeFiles/CMakeTmp'


Detecting CXX compiler ABI info compiled with the following output:
Change Dir: /home/we/vox/mage/builds/arm/CMakeFiles/CMakeTmp

Run Build Command:"/usr/bin/make" "cmTC_52297/fast"
/usr/bin/make -f CMakeFiles/cmTC_52297.dir/build.make CMakeFiles/cmTC_52297.dir/build
make[1]: Entering directory '/home/we/vox/mage/builds/arm/CMakeFiles/CMakeTmp'
Building CXX object CMakeFiles/cmTC_52297.dir/CMakeCXXCompilerABI.cpp.o
/usr/bin/g++      -o CMakeFiles/cmTC_52297.dir/CMakeCXXCompilerABI.cpp.o -c /usr/share/cmake-3.7/Modules/CMakeCXXCompilerABI.cpp
Linking CXX executable cmTC_52297
/usr/bin/cmake -E cmake_link_script CMakeFiles/cmTC_52297.dir/link.txt --verbose=1
/usr/bin/g++       -v CMakeFiles/cmTC_52297.dir/CMakeCXXCompilerABI.cpp.o  -o cmTC_52297 -rdynamic  
Using built-in specs.
COLLECT_GCC=/usr/bin/g++
COLLECT_LTO_WRAPPER=/usr/lib/gcc/arm-linux-gnueabihf/4.8/lto-wrapper
Target: arm-linux-gnueabihf
Configured with: ../src/configure -v --with-pkgversion='Raspbian 4.8.5-4' --with-bugurl=file:///usr/share/doc/gcc-4.8/README.Bugs --enable-languages=c,c++,java,go,d,fortran,objc,obj-c++ --prefix=/usr --program-suffix=-4.8 --enable-shared --enable-linker-build-id --libexecdir=/usr/lib --without-included-gettext --enable-threads=posix --with-gxx-include-dir=/usr/include/c++/4.8 --libdir=/usr/lib --enable-nls --with-sysroot=/ --enable-clocale=gnu --enable-libstdcxx-debug --enable-libstdcxx-time=yes --enable-gnu-unique-object --disable-libmudflap --disable-libitm --disable-libquadmath --enable-plugin --with-system-zlib --disable-browser-plugin --enable-java-awt=gtk --enable-gtk-cairo --with-java-home=/usr/lib/jvm/java-1.5.0-gcj-4.8-armhf/jre --enable-java-home --with-jvm-root-dir=/usr/lib/jvm/java-1.5.0-gcj-4.8-armhf --with-jvm-jar-dir=/usr/lib/jvm-exports/java-1.5.0-gcj-4.8-armhf --with-arch-directory=arm --with-ecj-jar=/usr/share/java/eclipse-ecj.jar --enable-objc-gc --enable-multiarch --disable-sjlj-exceptions --with-arch=armv6 --with-fpu=vfp --with-float=hard --enable-checking=release --build=arm-linux-gnueabihf --host=arm-linux-gnueabihf --target=arm-linux-gnueabihf
Thread model: posix
gcc version 4.8.5 (Raspbian 4.8.5-4) 
COMPILER_PATH=/usr/lib/gcc/arm-linux-gnueabihf/4.8/:/usr/lib/gcc/arm-linux-gnueabihf/4.8/:/usr/lib/gcc/arm-linux-gnueabihf/:/usr/lib/gcc/arm-linux-gnueabihf/4.8/:/usr/lib/gcc/arm-linux-gnueabihf/
LIBRARY_PATH=/usr/lib/gcc/arm-linux-gnueabihf/4.8/:/usr/lib/gcc/arm-linux-gnueabihf/4.8/../../../arm-linux-gnueabihf/:/usr/lib/gcc/arm-linux-gnueabihf/4.8/../../../:/lib/arm-linux-gnueabihf/:/lib/:/usr/lib/arm-linux-gnueabihf/:/usr/lib/
COLLECT_GCC_OPTIONS='-v' '-o' 'cmTC_52297' '-rdynamic' '-shared-libgcc' '-march=armv6' '-mfloat-abi=hard' '-mfpu=vfp' '-mtls-dialect=gnu'
 /usr/lib/gcc/arm-linux-gnueabihf/4.8/collect2 --sysroot=/ --build-id --eh-frame-hdr -export-dynamic -dynamic-linker /lib/ld-linux-armhf.so.3 -X --hash-style=gnu -m armelf_linux_eabi -o cmTC_52297 /usr/lib/gcc/arm-linux-gnueabihf/4.8/../../../arm-linux-gnueabihf/crt1.o /usr/lib/gcc/arm-linux-gnueabihf/4.8/../../../arm-linux-gnueabihf/crti.o /usr/lib/gcc/arm-linux-gnueabihf/4.8/crtbegin.o -L/usr/lib/gcc/arm-linux-gnueabihf/4.8 -L/usr/lib/gcc/arm-linux-gnueabihf/4.8/../../../arm-linux-gnueabihf -L/usr/lib/gcc/arm-linux-gnueabihf/4.8/../../.. -L/lib/arm-linux-gnueabihf -L/usr/lib/arm-linux-gnueabihf CMakeFiles/cmTC_52297.dir/CMakeCXXCompilerABI.cpp.o -lstdc++ -lm -lgcc_s -lgcc -lc -lgcc_s -lgcc /usr/lib/gcc/arm-linux-gnueabihf/4.8/crtend.o /usr/lib/gcc/arm-linux-gnueabihf/4.8/../../../arm-linux-gnueabihf/crtn.o
make[1]: Leaving directory '/home/we/vox/mage/builds/arm/CMakeFiles/CMakeTmp'


Parsed CXX implicit link information from above output:
  link line regex: [^( *|.*[/\])(ld|([^/\]+-)?ld|collect2)[^/\]*( |$)]
  ignore line: [Change Dir: /home/we/vox/mage/builds/arm/CMakeFiles/CMakeTmp]
  ignore line: []
  ignore line: [Run Build Command:"/usr/bin/make" "cmTC_52297/fast"]
  ignore line: [/usr/bin/make -f CMakeFiles/cmTC_52297.dir/build.make CMakeFiles/cmTC_52297.dir/build]
  ignore line: [make[1]: Entering directory '/home/we/vox/mage/builds/arm/CMakeFiles/CMakeTmp']
  ignore line: [Building CXX object CMakeFiles/cmTC_52297.dir/CMakeCXXCompilerABI.cpp.o]
  ignore line: [/usr/bin/g++      -o CMakeFiles/cmTC_52297.dir/CMakeCXXCompilerABI.cpp.o -c /usr/share/cmake-3.7/Modules/CMakeCXXCompilerABI.cpp]
  ignore line: [Linking CXX executable cmTC_52297]
  ignore line: [/usr/bin/cmake -E cmake_link_script CMakeFiles/cmTC_52297.dir/link.txt --verbose=1]
  ignore line: [/usr/bin/g++       -v CMakeFiles/cmTC_52297.dir/CMakeCXXCompilerABI.cpp.o  -o cmTC_52297 -rdynamic  ]
  ignore line: [Using built-in specs.]
  ignore line: [COLLECT_GCC=/usr/bin/g++]
  ignore line: [COLLECT_LTO_WRAPPER=/usr/lib/gcc/arm-linux-gnueabihf/4.8/lto-wrapper]
  ignore line: [Target: arm-linux-gnueabihf]
  ignore line: [Configured with: ../src/configure -v --with-pkgversion='Raspbian 4.8.5-4' --with-bugurl=file:///usr/share/doc/gcc-4.8/README.Bugs --enable-languages=c,c++,java,go,d,fortran,objc,obj-c++ --prefix=/usr --program-suffix=-4.8 --enable-shared --enable-linker-build-id --libexecdir=/usr/lib --without-included-gettext --enable-threads=posix --with-gxx-include-dir=/usr/include/c++/4.8 --libdir=/usr/lib --enable-nls --with-sysroot=/ --enable-clocale=gnu --enable-libstdcxx-debug --enable-libstdcxx-time=yes --enable-gnu-unique-object --disable-libmudflap --disable-libitm --disable-libquadmath --enable-plugin --with-system-zlib --disable-browser-plugin --enable-java-awt=gtk --enable-gtk-cairo --with-java-home=/usr/lib/jvm/java-1.5.0-gcj-4.8-armhf/jre --enable-java-home --with-jvm-root-dir=/usr/lib/jvm/java-1.5.0-gcj-4.8-armhf --with-jvm-jar-dir=/usr/lib/jvm-exports/java-1.5.0-gcj-4.8-armhf --with-arch-directory=arm --with-ecj-jar=/usr/share/java/eclipse-ecj.jar --enable-objc-gc --enable-multiarch --disable-sjlj-exceptions --with-arch=armv6 --with-fpu=vfp --with-float=hard --enable-checking=release --build=arm-linux-gnueabihf --host=arm-linux-gnueabihf --target=arm-linux-gnueabihf]
  ignore line: [Thread model: posix]
  ignore line: [gcc version 4.8.5 (Raspbian 4.8.5-4) ]
  ignore line: [COMPILER_PATH=/usr/lib/gcc/arm-linux-gnueabihf/4.8/:/usr/lib/gcc/arm-linux-gnueabihf/4.8/:/usr/lib/gcc/arm-linux-gnueabihf/:/usr/lib/gcc/arm-linux-gnueabihf/4.8/:/usr/lib/gcc/arm-linux-gnueabihf/]
  ignore line: [LIBRARY_PATH=/usr/lib/gcc/arm-linux-gnueabihf/4.8/:/usr/lib/gcc/arm-linux-gnueabihf/4.8/../../../arm-linux-gnueabihf/:/usr/lib/gcc/arm-linux-gnueabihf/4.8/../../../:/lib/arm-linux-gnueabihf/:/lib/:/usr/lib/arm-linux-gnueabihf/:/usr/lib/]
  ignore line: [COLLECT_GCC_OPTIONS='-v' '-o' 'cmTC_52297' '-rdynamic' '-shared-libgcc' '-march=armv6' '-mfloat-abi=hard' '-mfpu=vfp' '-mtls-dialect=gnu']
  link line: [ /usr/lib/gcc/arm-linux-gnueabihf/4.8/collect2 --sysroot=/ --build-id --eh-frame-hdr -export-dynamic -dynamic-linker /lib/ld-linux-armhf.so.3 -X --hash-style=gnu -m armelf_linux_eabi -o cmTC_52297 /usr/lib/gcc/arm-linux-gnueabihf/4.8/../../../arm-linux-gnueabihf/crt1.o /usr/lib/gcc/arm-linux-gnueabihf/4.8/../../../arm-linux-gnueabihf/crti.o /usr/lib/gcc/arm-linux-gnueabihf/4.8/crtbegin.o -L/usr/lib/gcc/arm-linux-gnueabihf/4.8 -L/usr/lib/gcc/arm-linux-gnueabihf/4.8/../../../arm-linux-gnueabihf -L/usr/lib/gcc/arm-linux-gnueabihf/4.8/../../.. -L/lib/arm-linux-gnueabihf -L/usr/lib/arm-linux-gnueabihf CMakeFiles/cmTC_52297.dir/CMakeCXXCompilerABI.cpp.o -lstdc++ -lm -lgcc_s -lgcc -lc -lgcc_s -lgcc /usr/lib/gcc/arm-linux-gnueabihf/4.8/crtend.o /usr/lib/gcc/arm-linux-gnueabihf/4.8/../../../arm-linux-gnueabihf/crtn.o]
    arg [/usr/lib/gcc/arm-linux-gnueabihf/4.8/collect2] ==> ignore
    arg [--sysroot=/] ==> ignore
    arg [--build-id] ==> ignore
    arg [--eh-frame-hdr] ==> ignore
    arg [-export-dynamic] ==> ignore
    arg [-dynamic-linker] ==> ignore
    arg [/lib/ld-linux-armhf.so.3] ==> ignore
    arg [-X] ==> ignore
    arg [--hash-style=gnu] ==> ignore
    arg [-m] ==> ignore
    arg [armelf_linux_eabi] ==> ignore
    arg [-o] ==> ignore
    arg [cmTC_52297] ==> ignore
    arg [/usr/lib/gcc/arm-linux-gnueabihf/4.8/../../../arm-linux-gnueabihf/crt1.o] ==> ignore
    arg [/usr/lib/gcc/arm-linux-gnueabihf/4.8/../../../arm-linux-gnueabihf/crti.o] ==> ignore
    arg [/usr/lib/gcc/arm-linux-gnueabihf/4.8/crtbegin.o] ==> ignore
    arg [-L/usr/lib/gcc/arm-linux-gnueabihf/4.8] ==> dir [/usr/lib/gcc/arm-linux-gnueabihf/4.8]
    arg [-L/usr/lib/gcc/arm-linux-gnueabihf/4.8/../../../arm-linux-gnueabihf] ==> dir [/usr/lib/gcc/arm-linux-gnueabihf/4.8/../../../arm-linux-gnueabihf]
    arg [-L/usr/lib/gcc/arm-linux-gnueabihf/4.8/../../..] ==> dir [/usr/lib/gcc/arm-linux-gnueabihf/4.8/../../..]
    arg [-L/lib/arm-linux-gnueabihf] ==> dir [/lib/arm-linux-gnueabihf]
    arg [-L/usr/lib/arm-linux-gnueabihf] ==> dir [/usr/lib/arm-linux-gnueabihf]
    arg [CMakeFiles/cmTC_52297.dir/CMakeCXXCompilerABI.cpp.o] ==> ignore
    arg [-lstdc++] ==> lib [stdc++]
    arg [-lm] ==> lib [m]
    arg [-lgcc_s] ==> lib [gcc_s]
    arg [-lgcc] ==> lib [gcc]
    arg [-lc] ==> lib [c]
    arg [-lgcc_s] ==> lib [gcc_s]
    arg [-lgcc] ==> lib [gcc]
    arg [/usr/lib/gcc/arm-linux-gnueabihf/4.8/crtend.o] ==> ignore
    arg [/usr/lib/gcc/arm-linux-gnueabihf/4.8/../../../arm-linux-gnueabihf/crtn.o] ==> ignore
  remove lib [gcc_s]
  remove lib [gcc]
  remove lib [gcc_s]
  remove lib [gcc]
  collapse library dir [/usr/lib/gcc/arm-linux-gnueabihf/4.8] ==> [/usr/lib/gcc/arm-linux-gnueabihf/4.8]
  collapse library dir [/usr/lib/gcc/arm-linux-gnueabihf/4.8/../../../arm-linux-gnueabihf] ==> [/usr/lib/arm-linux-gnueabihf]
  collapse library dir [/usr/lib/gcc/arm-linux-gnueabihf/4.8/../../..] ==> [/usr/lib]
  collapse library dir [/lib/arm-linux-gnueabihf] ==> [/lib/arm-linux-gnueabihf]
  collapse library dir [/usr/lib/arm-linux-gnueabihf] ==> [/usr/lib/arm-linux-gnueabihf]
  implicit libs: [stdc++;m;c]
  implicit dirs: [/usr/lib/gcc/arm-linux-gnueabihf/4.8;/usr/lib/arm-linux-gnueabihf;/usr/lib;/lib/arm-linux-gnueabihf]
  implicit fwks: []




Detecting CXX [-std=c++1y] compiler features compiled with the following output:
Change Dir: /home/we/vox/mage/builds/arm/CMakeFiles/CMakeTmp

Run Build Command:"/usr/bin/make" "cmTC_cab86/fast"
/usr/bin/make -f CMakeFiles/cmTC_cab86.dir/build.make CMakeFiles/cmTC_cab86.dir/build
make[1]: Entering directory '/home/we/vox/mage/builds/arm/CMakeFiles/CMakeTmp'
Building CXX object CMakeFiles/cmTC_cab86.dir/feature_tests.cxx.o
/usr/bin/g++     -std=c++1y -o CMakeFiles/cmTC_cab86.dir/feature_tests.cxx.o -c /home/we/vox/mage/builds/arm/CMakeFiles/feature_tests.cxx
Linking CXX executable cmTC_cab86
/usr/bin/cmake -E cmake_link_script CMakeFiles/cmTC_cab86.dir/link.txt --verbose=1
/usr/bin/g++        CMakeFiles/cmTC_cab86.dir/feature_tests.cxx.o  -o cmTC_cab86 -rdynamic 
make[1]: Leaving directory '/home/we/vox/mage/builds/arm/CMakeFiles/CMakeTmp'


    Feature record: CXX_FEATURE:0cxx_aggregate_default_initializers
    Feature record: CXX_FEATURE:1cxx_alias_templates
    Feature record: CXX_FEATURE:1cxx_alignas
    Feature record: CXX_FEATURE:1cxx_alignof
    Feature record: CXX_FEATURE:1cxx_attributes
    Feature record: CXX_FEATURE:0cxx_attribute_deprecated
    Feature record: CXX_FEATURE:1cxx_auto_type
    Feature record: CXX_FEATURE:0cxx_binary_literals
    Feature record: CXX_FEATURE:1cxx_constexpr
    Feature record: CXX_FEATURE:0cxx_contextual_conversions
    Feature record: CXX_FEATURE:1cxx_decltype
    Feature record: CXX_FEATURE:0cxx_decltype_auto
    Feature record: CXX_FEATURE:1cxx_decltype_incomplete_return_types
    Feature record: CXX_FEATURE:1cxx_default_function_template_args
    Feature record: CXX_FEATURE:1cxx_defaulted_functions
    Feature record: CXX_FEATURE:1cxx_defaulted_move_initializers
    Feature record: CXX_FEATURE:1cxx_delegating_constructors
    Feature record: CXX_FEATURE:1cxx_deleted_functions
    Feature record: CXX_FEATURE:0cxx_digit_separators
    Feature record: CXX_FEATURE:1cxx_enum_forward_declarations
    Feature record: CXX_FEATURE:1cxx_explicit_conversions
    Feature record: CXX_FEATURE:1cxx_extended_friend_declarations
    Feature record: CXX_FEATURE:1cxx_extern_templates
    Feature record: CXX_FEATURE:1cxx_final
    Feature record: CXX_FEATURE:1cxx_func_identifier
    Feature record: CXX_FEATURE:1cxx_generalized_initializers
    Feature record: CXX_FEATURE:0cxx_generic_lambdas
    Feature record: CXX_FEATURE:1cxx_inheriting_constructors
    Feature record: CXX_FEATURE:1cxx_inline_namespaces
    Feature record: CXX_FEATURE:1cxx_lambdas
    Feature record: CXX_FEATURE:0cxx_lambda_init_captures
    Feature record: CXX_FEATURE:1cxx_local_type_template_args
    Feature record: CXX_FEATURE:1cxx_long_long_type
    Feature record: CXX_FEATURE:1cxx_noexcept
    Feature record: CXX_FEATURE:1cxx_nonstatic_member_init
    Feature record: CXX_FEATURE:1cxx_nullptr
    Feature record: CXX_FEATURE:1cxx_override
    Feature record: CXX_FEATURE:1cxx_range_for
    Feature record: CXX_FEATURE:1cxx_raw_string_literals
    Feature record: CXX_FEATURE:1cxx_reference_qualified_functions
    Feature record: CXX_FEATURE:0cxx_relaxed_constexpr
    Feature record: CXX_FEATURE:0cxx_return_type_deduction
    Feature record: CXX_FEATURE:1cxx_right_angle_brackets
    Feature record: CXX_FEATURE:1cxx_rvalue_references
    Feature record: CXX_FEATURE:1cxx_sizeof_member
    Feature record: CXX_FEATURE:1cxx_static_assert
    Feature record: CXX_FEATURE:1cxx_strong_enums
    Feature record: CXX_FEATURE:1cxx_template_template_parameters
    Feature record: CXX_FEATURE:1cxx_thread_local
    Feature record: CXX_FEATURE:1cxx_trailing_return_types
    Feature record: CXX_FEATURE:1cxx_unicode_literals
    Feature record: CXX_FEATURE:1cxx_uniform_initialization
    Feature record: CXX_FEATURE:1cxx_unrestricted_unions
    Feature record: CXX_FEATURE:1cxx_user_literals
    Feature record: CXX_FEATURE:0cxx_variable_templates
    Feature record: CXX_FEATURE:1cxx_variadic_macros
    Feature record: CXX_FEATURE:1cxx_variadic_templates


Detecting CXX [-std=c++11] compiler features compiled with the following output:
Change Dir: /home/we/vox/mage/builds/arm/CMakeFiles/CMakeTmp

Run Build Command:"/usr/bin/make" "cmTC_f7f6a/fast"
/usr/bin/make -f CMakeFiles/cmTC_f7f6a.dir/build.make CMakeFiles/cmTC_f7f6a.dir/build
make[1]: Entering directory '/home/we/vox/mage/builds/arm/CMakeFiles/CMakeTmp'
Building CXX object CMakeFiles/cmTC_f7f6a.dir/feature_tests.cxx.o
/usr/bin/g++     -std=c++11 -o CMakeFiles/cmTC_f7f6a.dir/feature_tests.cxx.o -c /home/we/vox/mage/builds/arm/CMakeFiles/feature_tests.cxx
Linking CXX executable cmTC_f7f6a
/usr/bin/cmake -E cmake_link_script CMakeFiles/cmTC_f7f6a.dir/link.txt --verbose=1
/usr/bin/g++        CMakeFiles/cmTC_f7f6a.dir/feature_tests.cxx.o  -o cmTC_f7f6a -rdynamic 
make[1]: Leaving directory '/home/we/vox/mage/builds/arm/CMakeFiles/CMakeTmp'


    Feature record: CXX_FEATURE:0cxx_aggregate_default_initializers
    Feature record: CXX_FEATURE:1cxx_alias_templates
    Feature record: CXX_FEATURE:1cxx_alignas
    Feature record: CXX_FEATURE:1cxx_alignof
    Feature record: CXX_FEATURE:1cxx_attributes
    Feature record: CXX_FEATURE:0cxx_attribute_deprecated
    Feature record: CXX_FEATURE:1cxx_auto_type
    Feature record: CXX_FEATURE:0cxx_binary_literals
    Feature record: CXX_FEATURE:1cxx_constexpr
    Feature record: CXX_FEATURE:0cxx_contextual_conversions
    Feature record: CXX_FEATURE:1cxx_decltype
    Feature record: CXX_FEATURE:0cxx_decltype_auto
    Feature record: CXX_FEATURE:1cxx_decltype_incomplete_return_types
    Feature record: CXX_FEATURE:1cxx_default_function_template_args
    Feature record: CXX_FEATURE:1cxx_defaulted_functions
    Feature record: CXX_FEATURE:1cxx_defaulted_move_initializers
    Feature record: CXX_FEATURE:1cxx_delegating_constructors
    Feature record: CXX_FEATURE:1cxx_deleted_functions
    Feature record: CXX_FEATURE:0cxx_digit_separators
    Feature record: CXX_FEATURE:1cxx_enum_forward_declarations
    Feature record: CXX_FEATURE:1cxx_explicit_conversions
    Feature record: CXX_FEATURE:1cxx_extended_friend_declarations
    Feature record: CXX_FEATURE:1cxx_extern_templates
    Feature record: CXX_FEATURE:1cxx_final
    Feature record: CXX_FEATURE:1cxx_func_identifier
    Feature record: CXX_FEATURE:1cxx_generalized_initializers
    Feature record: CXX_FEATURE:0cxx_generic_lambdas
    Feature record: CXX_FEATURE:1cxx_inheriting_constructors
    Feature record: CXX_FEATURE:1cxx_inline_namespaces
    Feature record: CXX_FEATURE:1cxx_lambdas
    Feature record: CXX_FEATURE:0cxx_lambda_init_captures
    Feature record: CXX_FEATURE:1cxx_local_type_template_args
    Feature record: CXX_FEATURE:1cxx_long_long_type
    Feature record: CXX_FEATURE:1cxx_noexcept
    Feature record: CXX_FEATURE:1cxx_nonstatic_member_init
    Feature record: CXX_FEATURE:1cxx_nullptr
    Feature record: CXX_FEATURE:1cxx_override
    Feature record: CXX_FEATURE:1cxx_range_for
    Feature record: CXX_FEATURE:1cxx_raw_string_literals
    Feature record: CXX_FEATURE:1cxx_reference_qualified_functions
    Feature record: CXX_FEATURE:0cxx_relaxed_constexpr
    Feature record: CXX_FEATURE:0cxx_return_type_deduction
    Feature record: CXX_FEATURE:1cxx_right_angle_brackets
    Feature record: CXX_FEATURE:1cxx_rvalue_references
    Feature record: CXX_FEATURE:1cxx_sizeof_member
    Feature record: CXX_FEATURE:1cxx_static_assert
    Feature record: CXX_FEATURE:1cxx_strong_enums
    Feature record: CXX_FEATURE:1cxx_template_template_parameters
    Feature record: CXX_FEATURE:1cxx_thread_local
    Feature record: CXX_FEATURE:1cxx_trailing_return_types
    Feature record: CXX_FEATURE:1cxx_unicode_literals
    Feature record: CXX_FEATURE:1cxx_uniform_initialization
    Feature record: CXX_FEATURE:1cxx_unrestricted_unions
    Feature record: CXX_FEATURE:1cxx_user_literals
    Feature record: CXX_FEATURE:0cxx_variable_templates
    Feature record: CXX_FEATURE:1cxx_variadic_macros
    Feature record: CXX_FEATURE:1cxx_variadic_templates


Detecting CXX [-std=c++98] compiler features compiled with the following output:
Change Dir: /home/we/vox/mage/builds/arm/CMakeFiles/CMakeTmp

Run Build Command:"/usr/bin/make" "cmTC_51c3d/fast"
/usr/bin/make -f CMakeFiles/cmTC_51c3d.dir/build.make CMakeFiles/cmTC_51c3d.dir/build
make[1]: Entering directory '/home/we/vox/mage/builds/arm/CMakeFiles/CMakeTmp'
Building CXX object CMakeFiles/cmTC_51c3d.dir/feature_tests.cxx.o
/usr/bin/g++     -std=c++98 -o CMakeFiles/cmTC_51c3d.dir/feature_tests.cxx.o -c /home/we/vox/mage/builds/arm/CMakeFiles/feature_tests.cxx
Linking CXX executable cmTC_51c3d
/usr/bin/cmake -E cmake_link_script CMakeFiles/cmTC_51c3d.dir/link.txt --verbose=1
/usr/bin/g++        CMakeFiles/cmTC_51c3d.dir/feature_tests.cxx.o  -o cmTC_51c3d -rdynamic 
make[1]: Leaving directory '/home/we/vox/mage/builds/arm/CMakeFiles/CMakeTmp'


    Feature record: CXX_FEATURE:0cxx_aggregate_default_initializers
    Feature record: CXX_FEATURE:0cxx_alias_templates
    Feature record: CXX_FEATURE:0cxx_alignas
    Feature record: CXX_FEATURE:0cxx_alignof
    Feature record: CXX_FEATURE:0cxx_attributes
    Feature record: CXX_FEATURE:0cxx_attribute_deprecated
    Feature record: CXX_FEATURE:0cxx_auto_type
    Feature record: CXX_FEATURE:0cxx_binary_literals
    Feature record: CXX_FEATURE:0cxx_constexpr
    Feature record: CXX_FEATURE:0cxx_contextual_conversions
    Feature record: CXX_FEATURE:0cxx_decltype
    Feature record: CXX_FEATURE:0cxx_decltype_auto
    Feature record: CXX_FEATURE:0cxx_decltype_incomplete_return_types
    Feature record: CXX_FEATURE:0cxx_default_function_template_args
    Feature record: CXX_FEATURE:0cxx_defaulted_functions
    Feature record: CXX_FEATURE:0cxx_defaulted_move_initializers
    Feature record: CXX_FEATURE:0cxx_delegating_constructors
    Feature record: CXX_FEATURE:0cxx_deleted_functions
    Feature record: CXX_FEATURE:0cxx_digit_separators
    Feature record: CXX_FEATURE:0cxx_enum_forward_declarations
    Feature record: CXX_FEATURE:0cxx_explicit_conversions
    Feature record: CXX_FEATURE:0cxx_extended_friend_declarations
    Feature record: CXX_FEATURE:0cxx_extern_templates
    Feature record: CXX_FEATURE:0cxx_final
    Feature record: CXX_FEATURE:0cxx_func_identifier
    Feature record: CXX_FEATURE:0cxx_generalized_initializers
    Feature record: CXX_FEATURE:0cxx_generic_lambdas
    Feature record: CXX_FEATURE:0cxx_inheriting_constructors
    Feature record: CXX_FEATURE:0cxx_inline_namespaces
    Feature record: CXX_FEATURE:0cxx_lambdas
    Feature record: CXX_FEATURE:0cxx_lambda_init_captures
    Feature record: CXX_FEATURE:0cxx_local_type_template_args
    Feature record: CXX_FEATURE:0cxx_long_long_type
    Feature record: CXX_FEATURE:0cxx_noexcept
    Feature record: CXX_FEATURE:0cxx_nonstatic_member_init
    Feature record: CXX_FEATURE:0cxx_nullptr
    Feature record: CXX_FEATURE:0cxx_override
    Feature record: CXX_FEATURE:0cxx_range_for
    Feature record: CXX_FEATURE:0cxx_raw_string_literals
    Feature record: CXX_FEATURE:0cxx_reference_qualified_functions
    Feature record: CXX_FEATURE:0cxx_relaxed_constexpr
    Feature record: CXX_FEATURE:0cxx_return_type_deduction
    Feature record: CXX_FEATURE:0cxx_right_angle_brackets
    Feature record: CXX_FEATURE:0cxx_rvalue_references
    Feature record: CXX_FEATURE:0cxx_sizeof_member
    Feature record: CXX_FEATURE:0cxx_static_assert
    Feature record: CXX_FEATURE:0cxx_strong_enums
    Feature record: CXX_FEATURE:1cxx_template_template_parameters
    Feature record: CXX_FEATURE:0cxx_thread_local
    Feature record: CXX_FEATURE:0cxx_trailing_return_types
    Feature record: CXX_FEATURE:0cxx_unicode_literals
    Feature record: CXX_FEATURE:0cxx_uniform_initialization
    Feature record: CXX_FEATURE:0cxx_unrestricted_unions
    Feature record: CXX_FEATURE:0cxx_user_literals
    Feature record: CXX_FEATURE:0cxx_variable_templates
    Feature record: CXX_FEATURE:0cxx_variadic_macros
    Feature record: CXX_FEATURE:0cxx_variadic_templates
